<?xml version="1.0" encoding="UTF-8"?>
<testsuite xmlns:xsi="http://www.w3.org/2001/XMLSchema-instance" xsi:noNamespaceSchemaLocation="https://maven.apache.org/surefire/maven-surefire-plugin/xsd/surefire-test-report.xsd" version="3.0.2" name="com.rajkhare.khareschool.KhareSchoolApplicationTests" time="7.173" tests="1" errors="0" skipped="0" failures="0">
  <properties>
[...]
</properties>
  <testcase name="contextLoads" classname="com.rajkhare.khareschool.KhareSchoolApplicationTests" time="0.813">
    <system-out><![CDATA[04:36:17.057 [main] INFO org.springframework.test.context.support.AnnotationConfigContextLoaderUtils -- Could not detect default configuration classes for test class [com.rajkhare.khareschool.KhareSchoolApplicationTests]: KhareSchoolApplicationTests does not declare any static, non-private, non-final, nested classes annotated with @Configuration.
04:36:17.278 [main] INFO org.springframework.boot.test.context.SpringBootTestContextBootstrapper -- Found @SpringBootConfiguration com.rajkhare.khareschool.KhareSchoolApplication for test class com.rajkhare.khareschool.KhareSchoolApplicationTests
04:36:17.519 [main] INFO org.springframework.boot.devtools.restart.RestartApplicationListener -- Restart disabled due to context in which it is running

  .   ____          _            __ _ _
 /\\ / ___'_ __ _ _(_)_ __  __ _ \ \ \ \
( ( )\___ | '_ | '_| | '_ \/ _` | \ \ \ \
 \\/  ___)| |_)| | | | | || (_| |  ) ) ) )
  '  |____| .__|_| |_|_| |_\__, | / / / /
 =========|_|==============|___/=/_/_/_/

 :: Spring Boot ::                (v3.5.3)

2025-09-04T04:36:17.971+05:30  INFO 2445 --- [           main] c.r.k.KhareSchoolApplicationTests        : Starting KhareSchoolApplicationTests using Java 21.0.5 with PID 2445 (started by rajkhare in /Users/rajkhare/Raj/Udemy/spring-zero-to-hero/code/example_33)
2025-09-04T04:36:17.972+05:30  INFO 2445 --- [           main] c.r.k.KhareSchoolApplicationTests        : No active profile set, falling back to 1 default profile: "default"
Contact Service Bean initialized
2025-09-04T04:36:20.458+05:30  INFO 2445 --- [           main] com.zaxxer.hikari.HikariDataSource       : HikariPool-1 - Starting...
2025-09-04T04:36:20.748+05:30  INFO 2445 --- [           main] com.zaxxer.hikari.pool.HikariPool        : HikariPool-1 - Added connection conn0: url=jdbc:h2:mem:testdb user=SA
2025-09-04T04:36:20.755+05:30  INFO 2445 --- [           main] com.zaxxer.hikari.HikariDataSource       : HikariPool-1 - Start completed.
2025-09-04T04:36:21.613+05:30  INFO 2445 --- [           main] c.r.khareschool.aspects.LoggerAspect     : InMemoryUserDetailsManager com.rajkhare.khareschool.configs.ProjectSecurityConfig.userDetailsService() method execution start
2025-09-04T04:36:21.615+05:30  WARN 2445 --- [           main] o.s.security.core.userdetails.User       : User.withDefaultPasswordEncoder() is considered unsafe for production and is only intended for sample applications.
2025-09-04T04:36:21.761+05:30  WARN 2445 --- [           main] o.s.security.core.userdetails.User       : User.withDefaultPasswordEncoder() is considered unsafe for production and is only intended for sample applications.
2025-09-04T04:36:21.848+05:30  INFO 2445 --- [           main] c.r.khareschool.aspects.LoggerAspect     : Time took to execute InMemoryUserDetailsManager com.rajkhare.khareschool.configs.ProjectSecurityConfig.userDetailsService() method is : 230
2025-09-04T04:36:21.848+05:30  INFO 2445 --- [           main] c.r.khareschool.aspects.LoggerAspect     : InMemoryUserDetailsManager com.rajkhare.khareschool.configs.ProjectSecurityConfig.userDetailsService() method execution end
2025-09-04T04:36:21.868+05:30  INFO 2445 --- [           main] r$InitializeUserDetailsManagerConfigurer : Global AuthenticationManager configured with UserDetailsService bean with name userDetailsService
2025-09-04T04:36:21.939+05:30  INFO 2445 --- [           main] c.r.khareschool.aspects.LoggerAspect     : SecurityFilterChain com.rajkhare.khareschool.configs.ProjectSecurityConfig.defaultSecurityFilterChain(HttpSecurity) method execution start
2025-09-04T04:36:22.206+05:30  INFO 2445 --- [           main] c.r.khareschool.aspects.LoggerAspect     : void com.rajkhare.khareschool.configs.WebConfig.addViewControllers(ViewControllerRegistry) method execution start
2025-09-04T04:36:22.209+05:30  INFO 2445 --- [           main] c.r.khareschool.aspects.LoggerAspect     : Time took to execute void com.rajkhare.khareschool.configs.WebConfig.addViewControllers(ViewControllerRegistry) method is : 2
2025-09-04T04:36:22.209+05:30  INFO 2445 --- [           main] c.r.khareschool.aspects.LoggerAspect     : void com.rajkhare.khareschool.configs.WebConfig.addViewControllers(ViewControllerRegistry) method execution end
2025-09-04T04:36:22.561+05:30  INFO 2445 --- [           main] c.r.khareschool.aspects.LoggerAspect     : Time took to execute SecurityFilterChain com.rajkhare.khareschool.configs.ProjectSecurityConfig.defaultSecurityFilterChain(HttpSecurity) method is : 622
2025-09-04T04:36:22.562+05:30  INFO 2445 --- [           main] c.r.khareschool.aspects.LoggerAspect     : SecurityFilterChain com.rajkhare.khareschool.configs.ProjectSecurityConfig.defaultSecurityFilterChain(HttpSecurity) method execution end
2025-09-04T04:36:22.961+05:30  INFO 2445 --- [           main] o.s.b.a.h2.H2ConsoleAutoConfiguration    : H2 console available at '/h2-console'. Database available at 'jdbc:h2:mem:testdb'
2025-09-04T04:36:23.176+05:30  INFO 2445 --- [           main] c.r.k.KhareSchoolApplicationTests        : Started KhareSchoolApplicationTests in 5.671 seconds (process running for 7.193)
]]></system-out>
    <system-err><![CDATA[Mockito is currently self-attaching to enable the inline-mock-maker. This will no longer work in future releases of the JDK. Please add Mockito as an agent to your build as described in Mockito's documentation: https://javadoc.io/doc/org.mockito/mockito-core/latest/org.mockito/org/mockito/Mockito.html#0.3
WARNING: A Java agent has been loaded dynamically (/Users/rajkhare/.m2/repository/net/bytebuddy/byte-buddy-agent/1.17.6/byte-buddy-agent-1.17.6.jar)
WARNING: If a serviceability tool is in use, please run with -XX:+EnableDynamicAgentLoading to hide this warning
WARNING: If a serviceability tool is not in use, please run with -Djdk.instrument.traceUsage for more information
WARNING: Dynamic loading of agents will be disallowed by default in a future release
]]></system-err>
  </testcase>
</testsuite>